# JRE version: Java(TM) SE Runtime Environment (21.0.8+12) (build 21.0.8+12-LTS-250)
# Java VM: Java HotSpot(TM) 64-Bit Server VM (21.0.8+12-LTS-250, mixed mode, sharing, tiered, compressed oops, compressed class ptrs, g1 gc, windows-amd64)
GC Precious Log:
 CardTable entry size: 512
 Card Set container configuration: InlinePtr #cards 4 size 8 Array Of Cards #cards 16 size 48 Howl #buckets 8 coarsen threshold 3686 Howl Bitmap #cards 512 size 80 coarsen threshold 460 Card regions per heap region 1 cards per card region 4096
 CPUs: 12 total, 12 available
 Memory: 16205M
 Large Page Support: Disabled
 NUMA Support: Disabled
 Compressed Oops: Enabled (Zero based)
 Heap Region Size: 2M
 Heap Min Capacity: 8M
 Heap Initial Capacity: 254M
 Heap Max Capacity: 4052M
 Pre-touch: Disabled
 Parallel Workers: 10
 Concurrent Workers: 3
 Concurrent Refinement Workers: 10
 Periodic GC: Disabled
Heap:
 garbage-first heap   total 612352K, used 563677K [0x0000000702c00000, 0x0000000800000000)
  region size 2048K, 86 young (176128K), 20 survivors (40960K)
 Metaspace       used 48896K, committed 49536K, reserved 1114112K
  class space    used 5047K, committed 5376K, reserved 1048576K
GC Heap History (20 events):
Event: 208.901 GC heap after
{Heap after GC invocations=89 (full 0):
 garbage-first heap   total 983040K, used 295351K [0x0000000702c00000, 0x0000000800000000)
  region size 2048K, 27 young (55296K), 27 survivors (55296K)
 Metaspace       used 48822K, committed 49472K, reserved 1114112K
  class space    used 5046K, committed 5376K, reserved 1048576K
}
Event: 210.656 GC heap before
{Heap before GC invocations=90 (full 0):
 garbage-first heap   total 798720K, used 798184K [0x0000000702c00000, 0x0000000800000000)
  region size 2048K, 226 young (462848K), 27 survivors (55296K)
 Metaspace       used 48836K, committed 49472K, reserved 1114112K
  class space    used 5046K, committed 5376K, reserved 1048576K
}
Event: 210.676 GC heap after
{Heap after GC invocations=91 (full 0):
 garbage-first heap   total 829440K, used 204778K [0x0000000702c00000, 0x0000000800000000)
  region size 2048K, 11 young (22528K), 11 survivors (22528K)
 Metaspace       used 48836K, committed 49472K, reserved 1114112K
  class space    used 5046K, committed 5376K, reserved 1048576K
}
Event: 220.322 GC heap before
{Heap before GC invocations=91 (full 0):
 garbage-first heap   total 829440K, used 827370K [0x0000000702c00000, 0x0000000800000000)
  region size 2048K, 243 young (497664K), 11 survivors (22528K)
 Metaspace       used 48850K, committed 49472K, reserved 1114112K
  class space    used 5047K, committed 5376K, reserved 1048576K
}
Event: 220.339 GC heap after
{Heap after GC invocations=92 (full 0):
 garbage-first heap   total 858112K, used 165390K [0x0000000702c00000, 0x0000000800000000)
  region size 2048K, 11 young (22528K), 11 survivors (22528K)
 Metaspace       used 48850K, committed 49472K, reserved 1114112K
  class space    used 5047K, committed 5376K, reserved 1048576K
}
Event: 228.868 GC heap before
{Heap before GC invocations=92 (full 0):
 garbage-first heap   total 858112K, used 636430K [0x0000000702c00000, 0x0000000800000000)
  region size 2048K, 242 young (495616K), 11 survivors (22528K)
 Metaspace       used 48850K, committed 49472K, reserved 1114112K
  class space    used 5047K, committed 5376K, reserved 1048576K
}
Event: 228.909 GC heap after
{Heap after GC invocations=93 (full 0):
 garbage-first heap   total 858112K, used 164540K [0x0000000702c00000, 0x0000000800000000)
  region size 2048K, 11 young (22528K), 11 survivors (22528K)
 Metaspace       used 48850K, committed 49472K, reserved 1114112K
  class space    used 5047K, committed 5376K, reserved 1048576K
}
Event: 230.725 GC heap before
{Heap before GC invocations=94 (full 0):
 garbage-first heap   total 608256K, used 604860K [0x0000000702c00000, 0x0000000800000000)
  region size 2048K, 152 young (311296K), 11 survivors (22528K)
 Metaspace       used 48853K, committed 49472K, reserved 1114112K
  class space    used 5047K, committed 5376K, reserved 1048576K
}
Event: 230.743 GC heap after
{Heap after GC invocations=95 (full 0):
 garbage-first heap   total 641024K, used 163811K [0x0000000702c00000, 0x0000000800000000)
  region size 2048K, 16 young (32768K), 16 survivors (32768K)
 Metaspace       used 48853K, committed 49472K, reserved 1114112K
  class space    used 5047K, committed 5376K, reserved 1048576K
}
Event: 231.707 GC heap before
{Heap before GC invocations=95 (full 0):
 garbage-first heap   total 641024K, used 514019K [0x0000000702c00000, 0x0000000800000000)
  region size 2048K, 187 young (382976K), 16 survivors (32768K)
 Metaspace       used 48853K, committed 49472K, reserved 1114112K
  class space    used 5047K, committed 5376K, reserved 1048576K
}
Event: 231.732 GC heap after
{Heap after GC invocations=96 (full 0):
 garbage-first heap   total 641024K, used 151270K [0x0000000702c00000, 0x0000000800000000)
  region size 2048K, 16 young (32768K), 16 survivors (32768K)
 Metaspace       used 48853K, committed 49472K, reserved 1114112K
  class space    used 5047K, committed 5376K, reserved 1048576K
}
Event: 238.832 GC heap before
{Heap before GC invocations=96 (full 0):
 garbage-first heap   total 641024K, used 169702K [0x0000000702c00000, 0x0000000800000000)
  region size 2048K, 26 young (53248K), 16 survivors (32768K)
 Metaspace       used 48856K, committed 49472K, reserved 1114112K
  class space    used 5047K, committed 5376K, reserved 1048576K
}
Event: 238.846 GC heap after
{Heap after GC invocations=97 (full 0):
 garbage-first heap   total 641024K, used 149389K [0x0000000702c00000, 0x0000000800000000)
  region size 2048K, 9 young (18432K), 9 survivors (18432K)
 Metaspace       used 48856K, committed 49472K, reserved 1114112K
  class space    used 5047K, committed 5376K, reserved 1048576K
}
Event: 240.278 GC heap before
{Heap before GC invocations=98 (full 0):
 garbage-first heap   total 526336K, used 526221K [0x0000000702c00000, 0x0000000800000000)
  region size 2048K, 121 young (247808K), 9 survivors (18432K)
 Metaspace       used 48883K, committed 49472K, reserved 1114112K
  class space    used 5047K, committed 5376K, reserved 1048576K
}
Event: 240.292 GC heap after
{Heap after GC invocations=99 (full 0):
 garbage-first heap   total 546816K, used 161677K [0x0000000702c00000, 0x0000000800000000)
  region size 2048K, 10 young (20480K), 10 survivors (20480K)
 Metaspace       used 48883K, committed 49472K, reserved 1114112K
  class space    used 5047K, committed 5376K, reserved 1048576K
}
Event: 240.843 GC heap before
{Heap before GC invocations=99 (full 0):
 garbage-first heap   total 546816K, used 468877K [0x0000000702c00000, 0x0000000800000000)
  region size 2048K, 160 young (327680K), 10 survivors (20480K)
 Metaspace       used 48884K, committed 49472K, reserved 1114112K
  class space    used 5047K, committed 5376K, reserved 1048576K
}
Event: 240.854 GC heap after
{Heap after GC invocations=100 (full 0):
 garbage-first heap   total 546816K, used 151043K [0x0000000702c00000, 0x0000000800000000)
  region size 2048K, 10 young (20480K), 10 survivors (20480K)
 Metaspace       used 48884K, committed 49472K, reserved 1114112K
  class space    used 5047K, committed 5376K, reserved 1048576K
}
Event: 241.776 GC heap before
{Heap before GC invocations=100 (full 0):
 garbage-first heap   total 546816K, used 456195K [0x0000000702c00000, 0x0000000800000000)
  region size 2048K, 160 young (327680K), 10 survivors (20480K)
 Metaspace       used 48885K, committed 49472K, reserved 1114112K
  class space    used 5047K, committed 5376K, reserved 1048576K
}
Event: 241.793 GC heap after
{Heap after GC invocations=101 (full 0):
 garbage-first heap   total 546816K, used 166365K [0x0000000702c00000, 0x0000000800000000)
  region size 2048K, 18 young (36864K), 18 survivors (36864K)
 Metaspace       used 48885K, committed 49472K, reserved 1114112K
  class space    used 5047K, committed 5376K, reserved 1048576K
}
Event: 250.107 GC heap before
{Heap before GC invocations=102 (full 0):
 garbage-first heap   total 565248K, used 561629K [0x0000000702c00000, 0x0000000800000000)
  region size 2048K, 84 young (172032K), 18 survivors (36864K)
 Metaspace       used 48896K, committed 49536K, reserved 1114112K
  class space    used 5047K, committed 5376K, reserved 1048576K
}

